<?xml version="1.0" encoding="UTF-8"?>
<!-- Generated by org.testng.reporters.JUnitXMLReporter -->
<testsuite hostname="hiepvm-PC" name="Default test" tests="8" failures="0" timestamp="3 Aug 2016 03:02:44 GMT" time="116.835" errors="0">
  <testcase name="registerFailNoFirstName" time="6.036" classname="Maven_project.RegisterScript"/>
  <testcase name="registerFailNoLastName" time="5.718" classname="Maven_project.RegisterScript"/>
  <testcase name="registerFailNoEmail" time="5.661" classname="Maven_project.RegisterScript"/>
  <testcase name="registerFailNoPass" time="5.662" classname="Maven_project.RegisterScript"/>
  <testcase name="registerFailNoConfPass" time="5.69" classname="Maven_project.RegisterScript"/>
  <testcase name="registerFailConfPassNotMatch" time="5.851" classname="Maven_project.RegisterScript"/>
  <testcase name="registerFailDuplicateEmail" time="6.782" classname="Maven_project.RegisterScript"/>
  <testcase name="registerSuccess" time="8.536" classname="Maven_project.RegisterScript"/>
</testsuite> <!-- Default test -->
