<?xml version="1.0" encoding="UTF-8"?>
<testng-results skipped="0" failed="0" total="8" passed="8">
  <reporter-output>
  </reporter-output>
  <suite name="Default suite" duration-ms="116835" started-at="2016-08-03T03:00:47Z" finished-at="2016-08-03T03:02:44Z">
    <groups>
    </groups>
    <test name="Default test" duration-ms="116835" started-at="2016-08-03T03:00:47Z" finished-at="2016-08-03T03:02:44Z">
      <class name="Maven_project.RegisterScript">
        <test-method status="PASS" signature="login()[pri:0, instance:Maven_project.RegisterScript@6093dd95]" name="login" is-config="true" duration-ms="9591" started-at="2016-08-03T10:00:47Z" finished-at="2016-08-03T10:00:57Z">
          <reporter-output>
          </reporter-output>
        </test-method> <!-- login -->
        <test-method status="PASS" signature="registerFailNoFirstName()[pri:0, instance:Maven_project.RegisterScript@6093dd95]" name="registerFailNoFirstName" duration-ms="6036" started-at="2016-08-03T10:00:57Z" finished-at="2016-08-03T10:01:03Z">
          <reporter-output>
          </reporter-output>
        </test-method> <!-- registerFailNoFirstName -->
        <test-method status="PASS" signature="closePage()[pri:0, instance:Maven_project.RegisterScript@6093dd95]" name="closePage" is-config="true" duration-ms="35" started-at="2016-08-03T10:01:03Z" finished-at="2016-08-03T10:01:03Z">
          <reporter-output>
          </reporter-output>
        </test-method> <!-- closePage -->
        <test-method status="PASS" signature="login()[pri:0, instance:Maven_project.RegisterScript@6093dd95]" name="login" is-config="true" duration-ms="8537" started-at="2016-08-03T10:01:03Z" finished-at="2016-08-03T10:01:11Z">
          <reporter-output>
          </reporter-output>
        </test-method> <!-- login -->
        <test-method status="PASS" signature="registerFailNoLastName()[pri:0, instance:Maven_project.RegisterScript@6093dd95]" name="registerFailNoLastName" duration-ms="5718" started-at="2016-08-03T10:01:11Z" finished-at="2016-08-03T10:01:17Z">
          <reporter-output>
          </reporter-output>
        </test-method> <!-- registerFailNoLastName -->
        <test-method status="PASS" signature="closePage()[pri:0, instance:Maven_project.RegisterScript@6093dd95]" name="closePage" is-config="true" duration-ms="31" started-at="2016-08-03T10:01:17Z" finished-at="2016-08-03T10:01:17Z">
          <reporter-output>
          </reporter-output>
        </test-method> <!-- closePage -->
        <test-method status="PASS" signature="login()[pri:0, instance:Maven_project.RegisterScript@6093dd95]" name="login" is-config="true" duration-ms="8456" started-at="2016-08-03T10:01:17Z" finished-at="2016-08-03T10:01:26Z">
          <reporter-output>
          </reporter-output>
        </test-method> <!-- login -->
        <test-method status="PASS" signature="registerFailNoEmail()[pri:0, instance:Maven_project.RegisterScript@6093dd95]" name="registerFailNoEmail" duration-ms="5661" started-at="2016-08-03T10:01:26Z" finished-at="2016-08-03T10:01:31Z">
          <reporter-output>
          </reporter-output>
        </test-method> <!-- registerFailNoEmail -->
        <test-method status="PASS" signature="closePage()[pri:0, instance:Maven_project.RegisterScript@6093dd95]" name="closePage" is-config="true" duration-ms="31" started-at="2016-08-03T10:01:31Z" finished-at="2016-08-03T10:01:31Z">
          <reporter-output>
          </reporter-output>
        </test-method> <!-- closePage -->
        <test-method status="PASS" signature="login()[pri:0, instance:Maven_project.RegisterScript@6093dd95]" name="login" is-config="true" duration-ms="7837" started-at="2016-08-03T10:01:31Z" finished-at="2016-08-03T10:01:39Z">
          <reporter-output>
          </reporter-output>
        </test-method> <!-- login -->
        <test-method status="PASS" signature="registerFailNoPass()[pri:0, instance:Maven_project.RegisterScript@6093dd95]" name="registerFailNoPass" duration-ms="5662" started-at="2016-08-03T10:01:39Z" finished-at="2016-08-03T10:01:45Z">
          <reporter-output>
          </reporter-output>
        </test-method> <!-- registerFailNoPass -->
        <test-method status="PASS" signature="closePage()[pri:0, instance:Maven_project.RegisterScript@6093dd95]" name="closePage" is-config="true" duration-ms="28" started-at="2016-08-03T10:01:45Z" finished-at="2016-08-03T10:01:45Z">
          <reporter-output>
          </reporter-output>
        </test-method> <!-- closePage -->
        <test-method status="PASS" signature="login()[pri:0, instance:Maven_project.RegisterScript@6093dd95]" name="login" is-config="true" duration-ms="8578" started-at="2016-08-03T10:01:45Z" finished-at="2016-08-03T10:01:53Z">
          <reporter-output>
          </reporter-output>
        </test-method> <!-- login -->
        <test-method status="PASS" signature="registerFailNoConfPass()[pri:0, instance:Maven_project.RegisterScript@6093dd95]" name="registerFailNoConfPass" duration-ms="5690" started-at="2016-08-03T10:01:53Z" finished-at="2016-08-03T10:01:59Z">
          <reporter-output>
          </reporter-output>
        </test-method> <!-- registerFailNoConfPass -->
        <test-method status="PASS" signature="closePage()[pri:0, instance:Maven_project.RegisterScript@6093dd95]" name="closePage" is-config="true" duration-ms="18" started-at="2016-08-03T10:01:59Z" finished-at="2016-08-03T10:01:59Z">
          <reporter-output>
          </reporter-output>
        </test-method> <!-- closePage -->
        <test-method status="PASS" signature="login()[pri:0, instance:Maven_project.RegisterScript@6093dd95]" name="login" is-config="true" duration-ms="7446" started-at="2016-08-03T10:01:59Z" finished-at="2016-08-03T10:02:06Z">
          <reporter-output>
          </reporter-output>
        </test-method> <!-- login -->
        <test-method status="PASS" signature="registerFailConfPassNotMatch()[pri:0, instance:Maven_project.RegisterScript@6093dd95]" name="registerFailConfPassNotMatch" duration-ms="5851" started-at="2016-08-03T10:02:06Z" finished-at="2016-08-03T10:02:12Z">
          <reporter-output>
          </reporter-output>
        </test-method> <!-- registerFailConfPassNotMatch -->
        <test-method status="PASS" signature="closePage()[pri:0, instance:Maven_project.RegisterScript@6093dd95]" name="closePage" is-config="true" duration-ms="18" started-at="2016-08-03T10:02:12Z" finished-at="2016-08-03T10:02:12Z">
          <reporter-output>
          </reporter-output>
        </test-method> <!-- closePage -->
        <test-method status="PASS" signature="login()[pri:0, instance:Maven_project.RegisterScript@6093dd95]" name="login" is-config="true" duration-ms="7834" started-at="2016-08-03T10:02:12Z" finished-at="2016-08-03T10:02:20Z">
          <reporter-output>
          </reporter-output>
        </test-method> <!-- login -->
        <test-method status="PASS" signature="registerFailDuplicateEmail()[pri:0, instance:Maven_project.RegisterScript@6093dd95]" name="registerFailDuplicateEmail" duration-ms="6782" started-at="2016-08-03T10:02:20Z" finished-at="2016-08-03T10:02:27Z">
          <reporter-output>
          </reporter-output>
        </test-method> <!-- registerFailDuplicateEmail -->
        <test-method status="PASS" signature="closePage()[pri:0, instance:Maven_project.RegisterScript@6093dd95]" name="closePage" is-config="true" duration-ms="33" started-at="2016-08-03T10:02:27Z" finished-at="2016-08-03T10:02:27Z">
          <reporter-output>
          </reporter-output>
        </test-method> <!-- closePage -->
        <test-method status="PASS" signature="login()[pri:0, instance:Maven_project.RegisterScript@6093dd95]" name="login" is-config="true" duration-ms="8366" started-at="2016-08-03T10:02:27Z" finished-at="2016-08-03T10:02:35Z">
          <reporter-output>
          </reporter-output>
        </test-method> <!-- login -->
        <test-method status="PASS" signature="registerSuccess()[pri:0, instance:Maven_project.RegisterScript@6093dd95]" name="registerSuccess" duration-ms="8536" started-at="2016-08-03T10:02:35Z" finished-at="2016-08-03T10:02:44Z">
          <reporter-output>
          </reporter-output>
        </test-method> <!-- registerSuccess -->
        <test-method status="PASS" signature="closePage()[pri:0, instance:Maven_project.RegisterScript@6093dd95]" name="closePage" is-config="true" duration-ms="19" started-at="2016-08-03T10:02:44Z" finished-at="2016-08-03T10:02:44Z">
          <reporter-output>
          </reporter-output>
        </test-method> <!-- closePage -->
      </class> <!-- Maven_project.RegisterScript -->
    </test> <!-- Default test -->
  </suite> <!-- Default suite -->
</testng-results>
